<?xml version="1.0" encoding="UTF-8"?>
<!-- Generated by org.testng.reporters.JUnitXMLReporter -->
<testsuite hostname="DESKTOP-BIER98A" ignored="1" name="TestMobileAppium" tests="4" failures="1" timestamp="13 may 2019 13:18:23 GMT" time="37.365" errors="0">
  <testcase name="IniciarSesion" time="6.325" classname="testinguy.appium.main.mainTest2"/>
  <testcase name="Test_Slider" time="9.009" classname="testinguy.appium.main.mainTest2"/>
  <testcase name="Test_DragAndDrop" time="6.674" classname="testinguy.appium.main.mainTest2">
    <failure type="java.lang.AssertionError" message="expected [Circle droppedxD] but found [Circle dropped]">
      <![CDATA[java.lang.AssertionError: expected [Circle droppedxD] but found [Circle dropped]
at testinguy.appium.main.mainTest2.Test_DragAndDrop(mainTest2.java:81)
... Removed 31 stack frames]]>
    </failure>
  </testcase> <!-- Test_DragAndDrop -->
  <testcase name="testCaseSkipException" time="0.0" classname="testinguy.appium.main.mainTest2">
    <skipped/>
  </testcase> <!-- testCaseSkipException -->
  <testcase name="Test_NativeView" time="0.0" classname="testinguy.appium.main.mainTest2">
    <ignored/>
  </testcase> <!-- Test_NativeView -->
</testsuite> <!-- TestMobileAppium -->
